23:28:59:444 [main] INFO  testCases.TC001_AccountRegistrationTest - ***** Starting TC001_AccountRegistrationTest *****
23:28:59:588 [main] INFO  testCases.TC001_AccountRegistrationTest - Clicked on MyAccount Link...
23:29:00:020 [main] INFO  testCases.TC001_AccountRegistrationTest - Clicked on Register Link...
23:29:00:020 [main] INFO  testCases.TC001_AccountRegistrationTest - Providing Customer Details...
23:29:02:283 [main] INFO  testCases.TC001_AccountRegistrationTest - Validating Expected Message...
23:29:02:323 [main] INFO  testCases.TC001_AccountRegistrationTest - ***** Finished TC001_AccountRegistrationTest *****
23:29:04:517 [main] INFO  testCases.TC002_LoginTest - ***** Starting TC002_LoginTest *****
23:29:04:948 [main] INFO  testCases.TC002_LoginTest - Performing Login action...
23:29:05:294 [main] INFO  testCases.TC002_LoginTest - Validating MyAccount Page
23:29:06:473 [main] INFO  testCases.TC002_LoginTest - ***** Finished TC002_LoginTest *****
23:29:09:896 [main] INFO  testCases.TC004_SearchTest - ***** Starting TC004_SearchTest *****
23:29:10:370 [main] INFO  testCases.TC004_SearchTest - Performing Login action...
23:29:10:693 [main] INFO  testCases.TC004_SearchTest - Validating MyAccount Page
23:29:11:790 [main] INFO  testCases.TC004_SearchTest - Passed the search value to search input...
23:29:12:184 [main] INFO  testCases.TC004_SearchTest - Clicked on search button...
23:29:12:185 [main] INFO  testCases.TC004_SearchTest - ***** Finished TC004_SearchTest *****
23:35:05:232 [main] INFO  testCases.TC001_AccountRegistrationTest - ***** Starting TC001_AccountRegistrationTest *****
23:35:05:367 [main] INFO  testCases.TC001_AccountRegistrationTest - Clicked on MyAccount Link...
23:35:06:530 [main] INFO  testCases.TC001_AccountRegistrationTest - Clicked on Register Link...
23:35:06:535 [main] INFO  testCases.TC001_AccountRegistrationTest - Providing Customer Details...
23:35:11:474 [main] INFO  testCases.TC001_AccountRegistrationTest - Validating Expected Message...
23:35:11:513 [main] INFO  testCases.TC001_AccountRegistrationTest - ***** Finished TC001_AccountRegistrationTest *****
23:35:13:318 [main] INFO  testCases.TC002_LoginTest - ***** Starting TC002_LoginTest *****
23:35:13:803 [main] INFO  testCases.TC002_LoginTest - Performing Login action...
23:35:14:115 [main] INFO  testCases.TC002_LoginTest - Validating MyAccount Page
23:35:15:190 [main] INFO  testCases.TC002_LoginTest - ***** Finished TC002_LoginTest *****
23:35:21:318 [main] INFO  testCases.TC004_SearchTest - ***** Starting TC004_SearchTest *****
23:35:21:796 [main] INFO  testCases.TC004_SearchTest - Performing Login action...
23:35:22:085 [main] INFO  testCases.TC004_SearchTest - Validating MyAccount Page
23:35:26:176 [main] INFO  testCases.TC004_SearchTest - Passed the search value to search input...
23:35:26:510 [main] INFO  testCases.TC004_SearchTest - Clicked on search button...
23:35:29:523 [main] INFO  testCases.TC004_SearchTest - ***** Finished TC004_SearchTest *****
