11:45:37:201 [main] INFO  testCases.TC001_AccountRegistrationTest - ***** Starting TC001_AccountRegistrationTest *****
11:45:38:266 [main] INFO  testCases.TC001_AccountRegistrationTest - Clicked on MyAccount Link...
11:45:39:320 [main] INFO  testCases.TC001_AccountRegistrationTest - Clicked on Register Link...
11:45:39:336 [main] INFO  testCases.TC001_AccountRegistrationTest - Providing Customer Details...
11:45:43:522 [main] INFO  testCases.TC001_AccountRegistrationTest - Validating Expected Message...
11:45:43:853 [main] INFO  testCases.TC001_AccountRegistrationTest - ***** Finished TC001_AccountRegistrationTest *****
11:45:47:137 [main] INFO  testCases.TC002_LoginTest - ***** Starting TC002_LoginTest *****
11:45:48:048 [main] INFO  testCases.TC002_LoginTest - Performing Login action...
11:45:48:832 [main] INFO  testCases.TC002_LoginTest - Validating MyAccount Page
11:45:49:932 [main] INFO  testCases.TC002_LoginTest - ***** Finished TC002_LoginTest *****
11:50:24:816 [TestNG-tests-1] INFO  testCases.TC001_AccountRegistrationTest - ***** Starting TC001_AccountRegistrationTest *****
11:50:25:228 [TestNG-tests-1] INFO  testCases.TC001_AccountRegistrationTest - Clicked on MyAccount Link...
11:50:26:246 [TestNG-tests-1] INFO  testCases.TC001_AccountRegistrationTest - Clicked on Register Link...
11:50:26:257 [TestNG-tests-1] INFO  testCases.TC001_AccountRegistrationTest - Providing Customer Details...
11:50:29:966 [TestNG-tests-1] INFO  testCases.TC001_AccountRegistrationTest - Validating Expected Message...
11:50:30:585 [TestNG-tests-1] INFO  testCases.TC001_AccountRegistrationTest - ***** Finished TC001_AccountRegistrationTest *****
15:47:27:567 [TestNG-tests-1] INFO  testCases.TC001_AccountRegistrationTest - ***** Starting TC001_AccountRegistrationTest *****
15:47:27:567 [TestNG-tests-2] INFO  testCases.TC001_AccountRegistrationTest - ***** Starting TC001_AccountRegistrationTest *****
15:47:27:843 [TestNG-tests-1] INFO  testCases.TC001_AccountRegistrationTest - Clicked on MyAccount Link...
15:47:27:962 [TestNG-tests-2] INFO  testCases.TC001_AccountRegistrationTest - Clicked on MyAccount Link...
15:48:39:330 [main] INFO  testCases.TC001_AccountRegistrationTest - ***** Starting TC001_AccountRegistrationTest *****
15:48:39:518 [main] INFO  testCases.TC001_AccountRegistrationTest - Clicked on MyAccount Link...
15:48:40:173 [main] INFO  testCases.TC001_AccountRegistrationTest - Clicked on Register Link...
15:48:40:177 [main] INFO  testCases.TC001_AccountRegistrationTest - Providing Customer Details...
15:48:43:004 [main] INFO  testCases.TC001_AccountRegistrationTest - Validating Expected Message...
15:48:43:046 [main] INFO  testCases.TC001_AccountRegistrationTest - ***** Finished TC001_AccountRegistrationTest *****
15:48:46:190 [main] INFO  testCases.TC002_LoginTest - ***** Starting TC002_LoginTest *****
15:48:46:751 [main] INFO  testCases.TC002_LoginTest - Performing Login action...
15:48:47:304 [main] INFO  testCases.TC002_LoginTest - Validating MyAccount Page
15:48:48:554 [main] INFO  testCases.TC002_LoginTest - ***** Finished TC002_LoginTest *****
23:12:53:654 [main] INFO  testCases.TC001_AccountRegistrationTest - ***** Starting TC001_AccountRegistrationTest *****
23:12:53:816 [main] INFO  testCases.TC001_AccountRegistrationTest - Clicked on MyAccount Link...
23:12:54:225 [main] INFO  testCases.TC001_AccountRegistrationTest - Clicked on Register Link...
23:12:54:231 [main] INFO  testCases.TC001_AccountRegistrationTest - Providing Customer Details...
23:12:58:569 [main] INFO  testCases.TC001_AccountRegistrationTest - Validating Expected Message...
23:12:58:645 [main] INFO  testCases.TC001_AccountRegistrationTest - ***** Finished TC001_AccountRegistrationTest *****
23:13:01:662 [main] INFO  testCases.TC002_LoginTest - ***** Starting TC002_LoginTest *****
23:13:02:142 [main] INFO  testCases.TC002_LoginTest - Performing Login action...
23:13:04:179 [main] INFO  testCases.TC002_LoginTest - Validating MyAccount Page
23:13:04:252 [main] INFO  testCases.TC002_LoginTest - ***** Finished TC002_LoginTest *****
23:13:48:611 [main] INFO  testCases.TC001_AccountRegistrationTest - ***** Starting TC001_AccountRegistrationTest *****
23:13:48:850 [main] INFO  testCases.TC001_AccountRegistrationTest - Clicked on MyAccount Link...
23:13:49:401 [main] INFO  testCases.TC001_AccountRegistrationTest - Clicked on Register Link...
23:13:49:404 [main] INFO  testCases.TC001_AccountRegistrationTest - Providing Customer Details...
23:13:52:438 [main] INFO  testCases.TC001_AccountRegistrationTest - Validating Expected Message...
23:13:52:535 [main] INFO  testCases.TC001_AccountRegistrationTest - ***** Finished TC001_AccountRegistrationTest *****
23:13:54:977 [main] INFO  testCases.TC002_LoginTest - ***** Starting TC002_LoginTest *****
23:13:55:627 [main] INFO  testCases.TC002_LoginTest - Performing Login action...
23:13:57:217 [main] INFO  testCases.TC002_LoginTest - Validating MyAccount Page
