23:13:57:291 [main] INFO  testCases.TC002_LoginTest - ***** Finished TC002_LoginTest *****
23:15:08:517 [main] INFO  testCases.TC001_AccountRegistrationTest - ***** Starting TC001_AccountRegistrationTest *****
23:15:08:675 [main] INFO  testCases.TC001_AccountRegistrationTest - Clicked on MyAccount Link...
23:15:09:221 [main] INFO  testCases.TC001_AccountRegistrationTest - Clicked on Register Link...
23:15:09:226 [main] INFO  testCases.TC001_AccountRegistrationTest - Providing Customer Details...
23:15:12:000 [main] INFO  testCases.TC001_AccountRegistrationTest - Validating Expected Message...
23:15:12:088 [main] INFO  testCases.TC001_AccountRegistrationTest - ***** Finished TC001_AccountRegistrationTest *****
23:15:17:588 [main] INFO  testCases.TC002_LoginTest - ***** Starting TC002_LoginTest *****
23:15:18:322 [main] INFO  testCases.TC002_LoginTest - Performing Login action...
23:15:20:083 [main] INFO  testCases.TC002_LoginTest - Validating MyAccount Page
23:15:20:141 [main] INFO  testCases.TC002_LoginTest - ***** Finished TC002_LoginTest *****
23:35:24:565 [main] INFO  testCases.TC001_AccountRegistrationTest - ***** Starting TC001_AccountRegistrationTest *****
23:35:24:758 [main] INFO  testCases.TC001_AccountRegistrationTest - Clicked on MyAccount Link...
23:35:25:279 [main] INFO  testCases.TC001_AccountRegistrationTest - Clicked on Register Link...
23:35:25:284 [main] INFO  testCases.TC001_AccountRegistrationTest - Providing Customer Details...
23:35:28:612 [main] INFO  testCases.TC001_AccountRegistrationTest - Validating Expected Message...
23:35:28:684 [main] INFO  testCases.TC001_AccountRegistrationTest - ***** Finished TC001_AccountRegistrationTest *****
23:35:31:414 [main] INFO  testCases.TC002_LoginTest - ***** Starting TC002_LoginTest *****
23:35:32:047 [main] INFO  testCases.TC002_LoginTest - Performing Login action...
23:35:33:753 [main] INFO  testCases.TC002_LoginTest - Validating MyAccount Page
23:35:33:817 [main] INFO  testCases.TC002_LoginTest - ***** Finished TC002_LoginTest *****
23:35:42:292 [main] INFO  testCases.TC001_AccountRegistrationTest - ***** Starting TC001_AccountRegistrationTest *****
23:35:42:638 [main] INFO  testCases.TC001_AccountRegistrationTest - Clicked on MyAccount Link...
23:35:43:749 [main] INFO  testCases.TC001_AccountRegistrationTest - Clicked on Register Link...
23:35:43:750 [main] INFO  testCases.TC001_AccountRegistrationTest - Providing Customer Details...
23:35:45:771 [main] INFO  testCases.TC001_AccountRegistrationTest - Validating Expected Message...
23:35:45:838 [main] INFO  testCases.TC001_AccountRegistrationTest - ***** Finished TC001_AccountRegistrationTest *****
23:35:50:972 [main] INFO  testCases.TC002_LoginTest - ***** Starting TC002_LoginTest *****
23:35:51:408 [main] INFO  testCases.TC002_LoginTest - Performing Login action...
23:35:52:354 [main] INFO  testCases.TC002_LoginTest - Validating MyAccount Page
23:35:52:399 [main] INFO  testCases.TC002_LoginTest - ***** Finished TC002_LoginTest *****
10:44:32:447 [main] INFO  testCases.TC001_AccountRegistrationTest - ***** Starting TC001_AccountRegistrationTest *****
10:44:32:674 [main] INFO  testCases.TC001_AccountRegistrationTest - Clicked on MyAccount Link...
10:44:33:670 [main] INFO  testCases.TC001_AccountRegistrationTest - Clicked on Register Link...
10:44:33:685 [main] INFO  testCases.TC001_AccountRegistrationTest - Providing Customer Details...
10:44:37:650 [main] INFO  testCases.TC001_AccountRegistrationTest - Validating Expected Message...
10:44:37:708 [main] INFO  testCases.TC001_AccountRegistrationTest - ***** Finished TC001_AccountRegistrationTest *****
10:44:41:261 [main] INFO  testCases.TC002_LoginTest - ***** Starting TC002_LoginTest *****
10:44:41:866 [main] INFO  testCases.TC002_LoginTest - Performing Login action...
10:44:42:389 [main] INFO  testCases.TC002_LoginTest - Validating MyAccount Page
10:44:44:490 [main] INFO  testCases.TC002_LoginTest - ***** Finished TC002_LoginTest *****
17:33:46:767 [main] INFO  testCases.TC001_AccountRegistrationTest - ***** Starting TC001_AccountRegistrationTest *****
17:33:47:471 [main] INFO  testCases.TC001_AccountRegistrationTest - Clicked on MyAccount Link...
17:33:48:506 [main] INFO  testCases.TC001_AccountRegistrationTest - Clicked on Register Link...
17:33:48:516 [main] INFO  testCases.TC001_AccountRegistrationTest - Providing Customer Details...
17:33:52:669 [main] INFO  testCases.TC001_AccountRegistrationTest - Validating Expected Message...
17:33:52:721 [main] INFO  testCases.TC001_AccountRegistrationTest - ***** Finished TC001_AccountRegistrationTest *****
17:33:55:951 [main] INFO  testCases.TC002_LoginTest - ***** Starting TC002_LoginTest *****
17:33:56:905 [main] INFO  testCases.TC002_LoginTest - Performing Login action...
17:34:03:559 [main] INFO  testCases.TC002_LoginTest - Validating MyAccount Page
17:34:03:793 [main] INFO  testCases.TC002_LoginTest - ***** Finished TC002_LoginTest *****
17:34:22:496 [main] INFO  testCases.TC001_AccountRegistrationTest - ***** Starting TC001_AccountRegistrationTest *****
