17:34:23:067 [main] INFO  testCases.TC001_AccountRegistrationTest - Clicked on MyAccount Link...
17:34:24:494 [main] INFO  testCases.TC001_AccountRegistrationTest - Clicked on Register Link...
17:34:24:496 [main] INFO  testCases.TC001_AccountRegistrationTest - Providing Customer Details...
17:34:29:294 [main] INFO  testCases.TC001_AccountRegistrationTest - Validating Expected Message...
17:34:29:719 [main] INFO  testCases.TC001_AccountRegistrationTest - ***** Finished TC001_AccountRegistrationTest *****
17:34:41:959 [main] INFO  testCases.TC002_LoginTest - ***** Starting TC002_LoginTest *****
17:34:43:624 [main] INFO  testCases.TC002_LoginTest - Performing Login action...
17:34:45:647 [main] INFO  testCases.TC002_LoginTest - Validating MyAccount Page
17:34:46:105 [main] INFO  testCases.TC002_LoginTest - ***** Finished TC002_LoginTest *****
23:16:41:208 [main] INFO  testCases.TC001_AccountRegistrationTest - ***** Starting TC001_AccountRegistrationTest *****
23:16:41:409 [main] INFO  testCases.TC001_AccountRegistrationTest - Clicked on MyAccount Link...
23:16:42:158 [main] INFO  testCases.TC001_AccountRegistrationTest - Clicked on Register Link...
23:16:42:168 [main] INFO  testCases.TC001_AccountRegistrationTest - Providing Customer Details...
23:16:46:563 [main] INFO  testCases.TC001_AccountRegistrationTest - Validating Expected Message...
23:16:46:739 [main] INFO  testCases.TC001_AccountRegistrationTest - ***** Finished TC001_AccountRegistrationTest *****
23:16:50:558 [main] INFO  testCases.TC002_LoginTest - ***** Starting TC002_LoginTest *****
23:16:51:121 [main] INFO  testCases.TC002_LoginTest - Performing Login action...
23:16:51:659 [main] INFO  testCases.TC002_LoginTest - Validating MyAccount Page
23:16:53:332 [main] INFO  testCases.TC002_LoginTest - ***** Finished TC002_LoginTest *****
23:21:21:272 [main] INFO  testCases.TC001_AccountRegistrationTest - ***** Starting TC001_AccountRegistrationTest *****
23:21:21:552 [main] INFO  testCases.TC001_AccountRegistrationTest - Clicked on MyAccount Link...
23:21:22:532 [main] INFO  testCases.TC001_AccountRegistrationTest - Clicked on Register Link...
23:21:22:538 [main] INFO  testCases.TC001_AccountRegistrationTest - Providing Customer Details...
23:21:25:975 [main] INFO  testCases.TC001_AccountRegistrationTest - Validating Expected Message...
23:21:26:065 [main] INFO  testCases.TC001_AccountRegistrationTest - ***** Finished TC001_AccountRegistrationTest *****
23:21:30:243 [main] INFO  testCases.TC002_LoginTest - ***** Starting TC002_LoginTest *****
23:21:31:324 [main] INFO  testCases.TC002_LoginTest - Performing Login action...
23:21:33:834 [main] INFO  testCases.TC002_LoginTest - Validating MyAccount Page
23:21:33:939 [main] INFO  testCases.TC002_LoginTest - ***** Finished TC002_LoginTest *****
23:21:47:690 [main] INFO  testCases.TC001_AccountRegistrationTest - ***** Starting TC001_AccountRegistrationTest *****
23:21:48:081 [main] INFO  testCases.TC001_AccountRegistrationTest - Clicked on MyAccount Link...
23:21:49:284 [main] INFO  testCases.TC001_AccountRegistrationTest - Clicked on Register Link...
23:21:49:284 [main] INFO  testCases.TC001_AccountRegistrationTest - Providing Customer Details...
23:21:52:087 [main] INFO  testCases.TC001_AccountRegistrationTest - Validating Expected Message...
23:21:52:157 [main] INFO  testCases.TC001_AccountRegistrationTest - ***** Finished TC001_AccountRegistrationTest *****
23:22:32:210 [main] INFO  testCases.TC002_LoginTest - ***** Starting TC002_LoginTest *****
23:22:32:872 [main] INFO  testCases.TC002_LoginTest - Performing Login action...
23:22:36:471 [main] INFO  testCases.TC002_LoginTest - Validating MyAccount Page
23:22:36:567 [main] INFO  testCases.TC002_LoginTest - ***** Finished TC002_LoginTest *****
15:57:16:017 [main] INFO  testCases.TC001_AccountRegistrationTest - ***** Starting TC001_AccountRegistrationTest *****
15:57:16:178 [main] INFO  testCases.TC001_AccountRegistrationTest - Clicked on MyAccount Link...
15:57:16:563 [main] INFO  testCases.TC001_AccountRegistrationTest - Clicked on Register Link...
15:57:16:569 [main] INFO  testCases.TC001_AccountRegistrationTest - Providing Customer Details...
15:57:19:529 [main] INFO  testCases.TC001_AccountRegistrationTest - Validating Expected Message...
15:57:19:572 [main] INFO  testCases.TC001_AccountRegistrationTest - ***** Finished TC001_AccountRegistrationTest *****
15:57:22:014 [main] INFO  testCases.TC002_LoginTest - ***** Starting TC002_LoginTest *****
15:57:22:475 [main] INFO  testCases.TC002_LoginTest - Performing Login action...
15:57:23:673 [main] INFO  testCases.TC002_LoginTest - Validating MyAccount Page
15:57:23:728 [main] INFO  testCases.TC002_LoginTest - ***** Finished TC002_LoginTest *****
16:03:46:754 [main] INFO  testCases.TC001_AccountRegistrationTest - ***** Starting TC001_AccountRegistrationTest *****
16:03:46:935 [main] INFO  testCases.TC001_AccountRegistrationTest - Clicked on MyAccount Link...
